<?xml version="1.0" encoding="UTF-8"?>
<!-- Generated by org.testng.reporters.JUnitXMLReporter -->
<testsuite ignored="0" hostname="Rafia" failures="0" tests="5" name="Test" time="0.059" errors="0" timestamp="2023-02-07T19:13:47 EST">
  <testcase classname="automation_code_feb_7th_2023.Costco" name="costcoPage" time="0.009"/>
  <testcase classname="automation_code_feb_7th_2023.Amazon" name="amazonPage" time="0.001"/>
  <testcase classname="automation_code_feb_7th_2023.Rediff" name="rediffPage" time="0.0"/>
  <testcase classname="automation_code_feb_7th_2023.Flipkart" name="flipkartPage" time="0.001"/>
  <testcase classname="automation_code_feb_7th_2023.Walmart" name="walmartPage" time="0.0"/>
</testsuite> <!-- Test -->
